[2021-02-04 00:23:26:1793][restartedMain] INFO  payroll.PayrollApplication - Starting PayrollApplication using Java 1.8.0_201 on DESKTOP-0IJT3DG with PID 8748 (C:\ITSTUDY\07_2.SpringBoot\step08_myArt\target\classes started by Playdata in C:\ITSTUDY\07_2.SpringBoot\step08_myArt)
[2021-02-04 00:23:26:1834][restartedMain] INFO  payroll.PayrollApplication - No active profile set, falling back to default profiles: default
[2021-02-04 00:23:26:2285][restartedMain] INFO  o.s.b.d.restart.ChangeableUrls - The Class-Path manifest attribute in C:\Users\Playdata\.m2\repository\com\oracle\database\jdbc\ojdbc8\19.8.0.0\ojdbc8-19.8.0.0.jar referenced one or more files that do not exist: file:/C:/Users/Playdata/.m2/repository/com/oracle/database/jdbc/ojdbc8/19.8.0.0/oraclepki.jar
[2021-02-04 00:23:26:2290][restartedMain] INFO  o.s.b.d.e.DevToolsPropertyDefaultsPostProcessor - Devtools property defaults active! Set 'spring.devtools.add-properties' to 'false' to disable
[2021-02-04 00:23:26:2290][restartedMain] INFO  o.s.b.d.e.DevToolsPropertyDefaultsPostProcessor - For additional web related logging consider setting the 'logging.level.web' property to 'DEBUG'
[2021-02-04 00:23:28:3764][restartedMain] INFO  o.s.d.r.c.RepositoryConfigurationDelegate - Bootstrapping Spring Data JPA repositories in DEFAULT mode.
[2021-02-04 00:23:28:3914][restartedMain] INFO  o.s.d.r.c.RepositoryConfigurationDelegate - Finished Spring Data repository scanning in 123 ms. Found 1 JPA repository interfaces.
[2021-02-04 00:23:30:6075][restartedMain] INFO  o.s.b.w.e.tomcat.TomcatWebServer - Tomcat initialized with port(s): 80 (http)
[2021-02-04 00:23:30:6099][restartedMain] INFO  o.a.coyote.http11.Http11NioProtocol - Initializing ProtocolHandler ["http-nio-80"]
[2021-02-04 00:23:30:6101][restartedMain] INFO  o.a.catalina.core.StandardService - Starting service [Tomcat]
[2021-02-04 00:23:30:6103][restartedMain] INFO  o.a.catalina.core.StandardEngine - Starting Servlet engine: [Apache Tomcat/9.0.41]
[2021-02-04 00:23:30:6382][restartedMain] INFO  o.a.c.c.C.[Tomcat].[localhost].[/] - Initializing Spring embedded WebApplicationContext
[2021-02-04 00:23:30:6383][restartedMain] INFO  o.s.b.w.s.c.ServletWebServerApplicationContext - Root WebApplicationContext: initialization completed in 4091 ms
[2021-02-04 00:23:32:8018][restartedMain] INFO  o.h.jpa.internal.util.LogHelper - HHH000204: Processing PersistenceUnitInfo [name: default]
[2021-02-04 00:23:32:8133][restartedMain] INFO  org.hibernate.Version - HHH000412: Hibernate ORM core version 5.4.27.Final
[2021-02-04 00:23:32:8440][restartedMain] INFO  o.h.annotations.common.Version - HCANN000001: Hibernate Commons Annotations {5.1.2.Final}
[2021-02-04 00:23:33:8857][restartedMain] INFO  com.zaxxer.hikari.HikariDataSource - HikariPool-1 - Starting...
[2021-02-04 00:23:35:11270][restartedMain] INFO  com.zaxxer.hikari.HikariDataSource - HikariPool-1 - Start completed.
[2021-02-04 00:23:35:11300][restartedMain] INFO  org.hibernate.dialect.Dialect - HHH000400: Using dialect: org.hibernate.dialect.OracleDialect
[2021-02-04 00:23:35:11313][restartedMain] WARN  o.hibernate.dialect.Oracle9Dialect - HHH000063: The Oracle9Dialect dialect has been deprecated; use either Oracle9iDialect or Oracle10gDialect instead
[2021-02-04 00:23:35:11315][restartedMain] WARN  org.hibernate.dialect.OracleDialect - HHH000064: The OracleDialect dialect has been deprecated; use Oracle8iDialect instead
[2021-02-04 00:23:37:13083][restartedMain] INFO  o.h.e.t.j.p.i.JtaPlatformInitiator - HHH000490: Using JtaPlatform implementation: [org.hibernate.engine.transaction.jta.platform.internal.NoJtaPlatform]
[2021-02-04 00:23:37:13103][restartedMain] INFO  o.s.o.j.LocalContainerEntityManagerFactoryBean - Initialized JPA EntityManagerFactory for persistence unit 'default'
[2021-02-04 00:23:38:13903][restartedMain] WARN  o.s.b.a.o.j.JpaBaseConfiguration$JpaWebConfiguration - spring.jpa.open-in-view is enabled by default. Therefore, database queries may be performed during view rendering. Explicitly configure spring.jpa.open-in-view to disable this warning
[2021-02-04 00:23:38:14218][restartedMain] INFO  o.s.s.c.ThreadPoolTaskExecutor - Initializing ExecutorService 'applicationTaskExecutor'
[2021-02-04 00:23:39:15291][restartedMain] INFO  o.s.b.d.a.OptionalLiveReloadServer - LiveReload server is running on port 35729
[2021-02-04 00:23:39:15372][restartedMain] INFO  o.a.coyote.http11.Http11NioProtocol - Starting ProtocolHandler ["http-nio-80"]
[2021-02-04 00:23:39:15475][restartedMain] INFO  o.s.b.w.e.tomcat.TomcatWebServer - Tomcat started on port(s): 80 (http) with context path ''
[2021-02-04 00:23:39:15536][restartedMain] INFO  payroll.PayrollApplication - Started PayrollApplication in 14.94 seconds (JVM running for 18.611)
[2021-02-04 00:23:40:16390][restartedMain] INFO  payroll.log.LoadDatabase - Preloading Employee{id=3, name='Bilbo Baggins', role='burglar'}
[2021-02-04 00:23:40:16402][restartedMain] INFO  payroll.log.LoadDatabase - Preloading Employee{id=4, name='Frodo Baggins', role='thief'}
[2021-02-04 00:23:55:31018][http-nio-80-exec-2] INFO  o.a.c.c.C.[Tomcat].[localhost].[/] - Initializing Spring DispatcherServlet 'dispatcherServlet'
[2021-02-04 00:23:55:31025][http-nio-80-exec-2] INFO  o.s.web.servlet.DispatcherServlet - Initializing Servlet 'dispatcherServlet'
[2021-02-04 00:23:55:31028][http-nio-80-exec-2] INFO  o.s.web.servlet.DispatcherServlet - Completed initialization in 2 ms
[2021-02-04 00:23:55:31309][http-nio-80-exec-2] INFO  p.controller.EmployeeController - new employee 저장
[2021-02-04 00:27:47:263226][Thread-9] INFO  o.s.s.c.ThreadPoolTaskExecutor - Shutting down ExecutorService 'applicationTaskExecutor'
[2021-02-04 00:27:47:263229][Thread-9] INFO  o.s.o.j.LocalContainerEntityManagerFactoryBean - Closing JPA EntityManagerFactory for persistence unit 'default'
[2021-02-04 00:27:47:263236][Thread-9] INFO  com.zaxxer.hikari.HikariDataSource - HikariPool-1 - Shutdown initiated...
[2021-02-04 00:27:47:263265][Thread-9] INFO  com.zaxxer.hikari.HikariDataSource - HikariPool-1 - Shutdown completed.
[2021-02-04 00:27:48:263651][restartedMain] INFO  payroll.PayrollApplication - Starting PayrollApplication using Java 1.8.0_201 on DESKTOP-0IJT3DG with PID 8748 (C:\ITSTUDY\07_2.SpringBoot\step08_myArt\target\classes started by Playdata in C:\ITSTUDY\07_2.SpringBoot\step08_myArt)
[2021-02-04 00:27:48:263652][restartedMain] INFO  payroll.PayrollApplication - No active profile set, falling back to default profiles: default
[2021-02-04 00:27:48:264331][restartedMain] INFO  o.s.d.r.c.RepositoryConfigurationDelegate - Bootstrapping Spring Data JPA repositories in DEFAULT mode.
[2021-02-04 00:27:48:264364][restartedMain] INFO  o.s.d.r.c.RepositoryConfigurationDelegate - Finished Spring Data repository scanning in 32 ms. Found 1 JPA repository interfaces.
[2021-02-04 00:27:49:264872][restartedMain] INFO  o.s.b.w.e.tomcat.TomcatWebServer - Tomcat initialized with port(s): 80 (http)
[2021-02-04 00:27:49:264876][restartedMain] INFO  o.a.coyote.http11.Http11NioProtocol - Initializing ProtocolHandler ["http-nio-80"]
[2021-02-04 00:27:49:264879][restartedMain] INFO  o.a.catalina.core.StandardService - Starting service [Tomcat]
[2021-02-04 00:27:49:264880][restartedMain] INFO  o.a.catalina.core.StandardEngine - Starting Servlet engine: [Apache Tomcat/9.0.41]
[2021-02-04 00:27:49:264966][restartedMain] INFO  o.a.c.c.C.[Tomcat].[localhost].[/] - Initializing Spring embedded WebApplicationContext
[2021-02-04 00:27:49:264966][restartedMain] INFO  o.s.b.w.s.c.ServletWebServerApplicationContext - Root WebApplicationContext: initialization completed in 1304 ms
[2021-02-04 00:27:49:265119][restartedMain] INFO  o.h.jpa.internal.util.LogHelper - HHH000204: Processing PersistenceUnitInfo [name: default]
[2021-02-04 00:27:49:265136][restartedMain] INFO  com.zaxxer.hikari.HikariDataSource - HikariPool-2 - Starting...
[2021-02-04 00:27:49:265197][restartedMain] INFO  com.zaxxer.hikari.HikariDataSource - HikariPool-2 - Start completed.
[2021-02-04 00:27:49:265197][restartedMain] INFO  org.hibernate.dialect.Dialect - HHH000400: Using dialect: org.hibernate.dialect.OracleDialect
[2021-02-04 00:27:49:265198][restartedMain] WARN  o.hibernate.dialect.Oracle9Dialect - HHH000063: The Oracle9Dialect dialect has been deprecated; use either Oracle9iDialect or Oracle10gDialect instead
[2021-02-04 00:27:49:265198][restartedMain] WARN  org.hibernate.dialect.OracleDialect - HHH000064: The OracleDialect dialect has been deprecated; use Oracle8iDialect instead
[2021-02-04 00:27:49:265292][restartedMain] INFO  o.h.e.t.j.p.i.JtaPlatformInitiator - HHH000490: Using JtaPlatform implementation: [org.hibernate.engine.transaction.jta.platform.internal.NoJtaPlatform]
[2021-02-04 00:27:49:265292][restartedMain] INFO  o.s.o.j.LocalContainerEntityManagerFactoryBean - Initialized JPA EntityManagerFactory for persistence unit 'default'
[2021-02-04 00:27:50:265646][restartedMain] WARN  o.s.b.a.o.j.JpaBaseConfiguration$JpaWebConfiguration - spring.jpa.open-in-view is enabled by default. Therefore, database queries may be performed during view rendering. Explicitly configure spring.jpa.open-in-view to disable this warning
[2021-02-04 00:27:50:265815][restartedMain] INFO  o.s.s.c.ThreadPoolTaskExecutor - Initializing ExecutorService 'applicationTaskExecutor'
[2021-02-04 00:27:50:266117][restartedMain] INFO  o.s.b.d.a.OptionalLiveReloadServer - LiveReload server is running on port 35729
[2021-02-04 00:27:50:266131][restartedMain] INFO  o.a.coyote.http11.Http11NioProtocol - Starting ProtocolHandler ["http-nio-80"]
[2021-02-04 00:27:50:266136][restartedMain] INFO  o.s.b.w.e.tomcat.TomcatWebServer - Tomcat started on port(s): 80 (http) with context path ''
[2021-02-04 00:27:50:266156][restartedMain] INFO  payroll.PayrollApplication - Started PayrollApplication in 2.618 seconds (JVM running for 269.231)
[2021-02-04 00:27:50:266169][restartedMain] INFO  payroll.log.LoadDatabase - Preloading Employee{id=6, name='Bilbo Baggins', role='burglar'}
[2021-02-04 00:27:50:266173][restartedMain] INFO  payroll.log.LoadDatabase - Preloading Employee{id=7, name='Frodo Baggins', role='thief'}
[2021-02-04 00:27:50:266176][restartedMain] INFO  o.s.b.d.a.ConditionEvaluationDeltaLoggingListener - Condition evaluation unchanged
[2021-02-04 00:28:58:334203][http-nio-80-exec-2] INFO  o.a.c.c.C.[Tomcat].[localhost].[/] - Initializing Spring DispatcherServlet 'dispatcherServlet'
[2021-02-04 00:28:58:334204][http-nio-80-exec-2] INFO  o.s.web.servlet.DispatcherServlet - Initializing Servlet 'dispatcherServlet'
[2021-02-04 00:28:58:334208][http-nio-80-exec-2] INFO  o.s.web.servlet.DispatcherServlet - Completed initialization in 2 ms
[2021-02-04 00:28:58:334234][http-nio-80-exec-2] INFO  p.controller.EmployeeController - 업데이트 완료
[2021-02-04 00:29:07:342831][http-nio-80-exec-5] INFO  p.controller.EmployeeController - 업데이트 완료
[2021-02-04 00:29:15:351381][http-nio-80-exec-4] INFO  p.controller.EmployeeController - 업데이트 완료
[2021-02-04 00:29:42:378568][http-nio-80-exec-3] INFO  p.controller.EmployeeController - 업데이트 완료
[2021-02-04 00:30:28:423853][http-nio-80-exec-6] INFO  p.controller.EmployeeController - 업데이트 완료
[2021-02-04 00:32:00:515843][http-nio-80-exec-7] INFO  p.controller.EmployeeController - id로 찾기
[2021-02-04 00:32:05:521518][http-nio-80-exec-10] INFO  p.controller.EmployeeController - id로 찾기
[2021-02-04 00:32:05:521540][http-nio-80-exec-10] WARN  o.s.w.s.m.m.a.ExceptionHandlerExceptionResolver - Resolved [payroll.exception.EmployeeNotFoundException: Could not find employee 133]
[2021-02-04 00:34:15:650911][http-nio-80-exec-2] WARN  o.s.w.s.m.s.DefaultHandlerExceptionResolver - Resolved [org.springframework.web.HttpRequestMethodNotSupportedException: Request method 'POST' not supported]
[2021-02-04 00:34:24:659935][http-nio-80-exec-4] INFO  p.controller.EmployeeController - new employee 저장
[2021-02-04 00:36:00:755659][http-nio-80-exec-8] INFO  p.controller.EmployeeController - findall
[2021-02-04 00:37:02:818260][RMI TCP Connection(2)-127.0.0.1] INFO  o.s.b.a.SpringApplicationAdminMXBeanRegistrar$SpringApplicationAdmin - Application shutdown requested.
[2021-02-04 00:37:04:819757][RMI TCP Connection(2)-127.0.0.1] INFO  o.s.s.c.ThreadPoolTaskExecutor - Shutting down ExecutorService 'applicationTaskExecutor'
[2021-02-04 00:37:04:819758][RMI TCP Connection(2)-127.0.0.1] INFO  o.s.o.j.LocalContainerEntityManagerFactoryBean - Closing JPA EntityManagerFactory for persistence unit 'default'
[2021-02-04 00:37:04:819760][RMI TCP Connection(2)-127.0.0.1] INFO  com.zaxxer.hikari.HikariDataSource - HikariPool-2 - Shutdown initiated...
[2021-02-04 00:37:04:819776][RMI TCP Connection(2)-127.0.0.1] INFO  com.zaxxer.hikari.HikariDataSource - HikariPool-2 - Shutdown completed.
[2021-02-04 00:37:19:1826][restartedMain] INFO  payroll.PayrollApplication - Starting PayrollApplication using Java 1.8.0_201 on DESKTOP-0IJT3DG with PID 13636 (C:\ITSTUDY\07_2.SpringBoot\step08_myArt\target\classes started by Playdata in C:\ITSTUDY\07_2.SpringBoot\step08_myArt)
[2021-02-04 00:37:19:1835][restartedMain] INFO  payroll.PayrollApplication - No active profile set, falling back to default profiles: default
[2021-02-04 00:37:19:1943][restartedMain] INFO  o.s.b.d.restart.ChangeableUrls - The Class-Path manifest attribute in C:\Users\Playdata\.m2\repository\com\oracle\database\jdbc\ojdbc8\19.8.0.0\ojdbc8-19.8.0.0.jar referenced one or more files that do not exist: file:/C:/Users/Playdata/.m2/repository/com/oracle/database/jdbc/ojdbc8/19.8.0.0/oraclepki.jar
[2021-02-04 00:37:19:1944][restartedMain] INFO  o.s.b.d.e.DevToolsPropertyDefaultsPostProcessor - Devtools property defaults active! Set 'spring.devtools.add-properties' to 'false' to disable
[2021-02-04 00:37:19:1944][restartedMain] INFO  o.s.b.d.e.DevToolsPropertyDefaultsPostProcessor - For additional web related logging consider setting the 'logging.level.web' property to 'DEBUG'
[2021-02-04 00:37:21:3496][restartedMain] INFO  o.s.d.r.c.RepositoryConfigurationDelegate - Bootstrapping Spring Data JPA repositories in DEFAULT mode.
[2021-02-04 00:37:21:3632][restartedMain] INFO  o.s.d.r.c.RepositoryConfigurationDelegate - Finished Spring Data repository scanning in 104 ms. Found 1 JPA repository interfaces.
[2021-02-04 00:37:22:5061][restartedMain] INFO  o.s.b.w.e.tomcat.TomcatWebServer - Tomcat initialized with port(s): 80 (http)
[2021-02-04 00:37:22:5080][restartedMain] INFO  o.a.coyote.http11.Http11NioProtocol - Initializing ProtocolHandler ["http-nio-80"]
[2021-02-04 00:37:22:5084][restartedMain] INFO  o.a.catalina.core.StandardService - Starting service [Tomcat]
[2021-02-04 00:37:22:5086][restartedMain] INFO  o.a.catalina.core.StandardEngine - Starting Servlet engine: [Apache Tomcat/9.0.41]
[2021-02-04 00:37:23:5326][restartedMain] INFO  o.a.c.c.C.[Tomcat].[localhost].[/] - Initializing Spring embedded WebApplicationContext
[2021-02-04 00:37:23:5327][restartedMain] INFO  o.s.b.w.s.c.ServletWebServerApplicationContext - Root WebApplicationContext: initialization completed in 3380 ms
[2021-02-04 00:37:23:5805][restartedMain] INFO  o.h.jpa.internal.util.LogHelper - HHH000204: Processing PersistenceUnitInfo [name: default]
[2021-02-04 00:37:23:5927][restartedMain] INFO  org.hibernate.Version - HHH000412: Hibernate ORM core version 5.4.27.Final
[2021-02-04 00:37:24:6296][restartedMain] INFO  o.h.annotations.common.Version - HCANN000001: Hibernate Commons Annotations {5.1.2.Final}
[2021-02-04 00:37:24:6722][restartedMain] INFO  com.zaxxer.hikari.HikariDataSource - HikariPool-1 - Starting...
[2021-02-04 00:37:26:8729][restartedMain] INFO  com.zaxxer.hikari.HikariDataSource - HikariPool-1 - Start completed.
[2021-02-04 00:37:26:8751][restartedMain] INFO  org.hibernate.dialect.Dialect - HHH000400: Using dialect: org.hibernate.dialect.OracleDialect
[2021-02-04 00:37:26:8766][restartedMain] WARN  o.hibernate.dialect.Oracle9Dialect - HHH000063: The Oracle9Dialect dialect has been deprecated; use either Oracle9iDialect or Oracle10gDialect instead
[2021-02-04 00:37:26:8768][restartedMain] WARN  org.hibernate.dialect.OracleDialect - HHH000064: The OracleDialect dialect has been deprecated; use Oracle8iDialect instead
[2021-02-04 00:37:28:10539][restartedMain] INFO  o.h.e.t.j.p.i.JtaPlatformInitiator - HHH000490: Using JtaPlatform implementation: [org.hibernate.engine.transaction.jta.platform.internal.NoJtaPlatform]
[2021-02-04 00:37:28:10569][restartedMain] INFO  o.s.o.j.LocalContainerEntityManagerFactoryBean - Initialized JPA EntityManagerFactory for persistence unit 'default'
[2021-02-04 00:37:29:11427][restartedMain] WARN  o.s.b.a.o.j.JpaBaseConfiguration$JpaWebConfiguration - spring.jpa.open-in-view is enabled by default. Therefore, database queries may be performed during view rendering. Explicitly configure spring.jpa.open-in-view to disable this warning
[2021-02-04 00:37:29:11717][restartedMain] INFO  o.s.s.c.ThreadPoolTaskExecutor - Initializing ExecutorService 'applicationTaskExecutor'
[2021-02-04 00:37:30:12215][restartedMain] INFO  o.s.b.d.a.OptionalLiveReloadServer - LiveReload server is running on port 35729
[2021-02-04 00:37:30:12237][restartedMain] INFO  o.a.coyote.http11.Http11NioProtocol - Starting ProtocolHandler ["http-nio-80"]
[2021-02-04 00:37:30:12314][restartedMain] INFO  o.s.b.w.e.tomcat.TomcatWebServer - Tomcat started on port(s): 80 (http) with context path ''
[2021-02-04 00:37:30:12338][restartedMain] INFO  payroll.PayrollApplication - Started PayrollApplication in 11.742 seconds (JVM running for 15.03)
[2021-02-04 00:37:30:12596][restartedMain] INFO  payroll.log.LoadDatabase - Preloading Employee{id=10, name='Bilbo Baggins', role='burglar'}
[2021-02-04 00:37:30:12600][restartedMain] INFO  payroll.log.LoadDatabase - Preloading Employee{id=11, name='Frodo Baggins', role='thief'}
[2021-02-04 00:42:43:325232][http-nio-80-exec-6] INFO  o.a.c.c.C.[Tomcat].[localhost].[/] - Initializing Spring DispatcherServlet 'dispatcherServlet'
[2021-02-04 00:42:43:325232][http-nio-80-exec-6] INFO  o.s.web.servlet.DispatcherServlet - Initializing Servlet 'dispatcherServlet'
[2021-02-04 00:42:43:325235][http-nio-80-exec-6] INFO  o.s.web.servlet.DispatcherServlet - Completed initialization in 2 ms
[2021-02-04 00:42:43:325369][http-nio-80-exec-6] INFO  p.controller.EmployeeController - 삭제하기
[2021-02-04 00:42:43:325562][http-nio-80-exec-6] ERROR o.a.c.c.C.[.[.[.[dispatcherServlet] - Servlet.service() for servlet [dispatcherServlet] in context with path [] threw exception [Request processing failed; nested exception is org.springframework.dao.EmptyResultDataAccessException: No class payroll.domain.Employee entity with id 10000 exists!] with root cause
org.springframework.dao.EmptyResultDataAccessException: No class payroll.domain.Employee entity with id 10000 exists!
	at org.springframework.data.jpa.repository.support.SimpleJpaRepository.lambda$deleteById$0(SimpleJpaRepository.java:176)
	at java.util.Optional.orElseThrow(Optional.java:290)
	at org.springframework.data.jpa.repository.support.SimpleJpaRepository.deleteById(SimpleJpaRepository.java:175)
	at sun.reflect.NativeMethodAccessorImpl.invoke0(Native Method)
	at sun.reflect.NativeMethodAccessorImpl.invoke(NativeMethodAccessorImpl.java:62)
	at sun.reflect.DelegatingMethodAccessorImpl.invoke(DelegatingMethodAccessorImpl.java:43)
	at java.lang.reflect.Method.invoke(Method.java:498)
	at org.springframework.data.repository.core.support.RepositoryMethodInvoker$RepositoryFragmentMethodInvoker.lambda$new$0(RepositoryMethodInvoker.java:289)
	at org.springframework.data.repository.core.support.RepositoryMethodInvoker.doInvoke(RepositoryMethodInvoker.java:137)
	at org.springframework.data.repository.core.support.RepositoryMethodInvoker.invoke(RepositoryMethodInvoker.java:121)
	at org.springframework.data.repository.core.support.RepositoryComposition$RepositoryFragments.invoke(RepositoryComposition.java:524)
	at org.springframework.data.repository.core.support.RepositoryComposition.invoke(RepositoryComposition.java:285)
	at org.springframework.data.repository.core.support.RepositoryFactorySupport$ImplementationMethodExecutionInterceptor.invoke(RepositoryFactorySupport.java:531)
	at org.springframework.aop.framework.ReflectiveMethodInvocation.proceed(ReflectiveMethodInvocation.java:186)
	at org.springframework.data.repository.core.support.QueryExecutorMethodInterceptor.doInvoke(QueryExecutorMethodInterceptor.java:156)
	at org.springframework.data.repository.core.support.QueryExecutorMethodInterceptor.invoke(QueryExecutorMethodInterceptor.java:131)
	at org.springframework.aop.framework.ReflectiveMethodInvocation.proceed(ReflectiveMethodInvocation.java:186)
	at org.springframework.data.projection.DefaultMethodInvokingMethodInterceptor.invoke(DefaultMethodInvokingMethodInterceptor.java:80)
	at org.springframework.aop.framework.ReflectiveMethodInvocation.proceed(ReflectiveMethodInvocation.java:186)
	at org.springframework.transaction.interceptor.TransactionInterceptor$1.proceedWithInvocation(TransactionInterceptor.java:123)
	at org.springframework.transaction.interceptor.TransactionAspectSupport.invokeWithinTransaction(TransactionAspectSupport.java:388)
	at org.springframework.transaction.interceptor.TransactionInterceptor.invoke(TransactionInterceptor.java:119)
	at org.springframework.aop.framework.ReflectiveMethodInvocation.proceed(ReflectiveMethodInvocation.java:186)
	at org.springframework.dao.support.PersistenceExceptionTranslationInterceptor.invoke(PersistenceExceptionTranslationInterceptor.java:137)
	at org.springframework.aop.framework.ReflectiveMethodInvocation.proceed(ReflectiveMethodInvocation.java:186)
	at org.springframework.data.jpa.repository.support.CrudMethodMetadataPostProcessor$CrudMethodMetadataPopulatingMethodInterceptor.invoke(CrudMethodMetadataPostProcessor.java:174)
	at org.springframework.aop.framework.ReflectiveMethodInvocation.proceed(ReflectiveMethodInvocation.java:186)
	at org.springframework.aop.interceptor.ExposeInvocationInterceptor.invoke(ExposeInvocationInterceptor.java:97)
	at org.springframework.aop.framework.ReflectiveMethodInvocation.proceed(ReflectiveMethodInvocation.java:186)
	at org.springframework.aop.framework.JdkDynamicAopProxy.invoke(JdkDynamicAopProxy.java:215)
	at com.sun.proxy.$Proxy84.deleteById(Unknown Source)
	at payroll.controller.EmployeeController.deleteEmployee(EmployeeController.java:72)
	at sun.reflect.NativeMethodAccessorImpl.invoke0(Native Method)
	at sun.reflect.NativeMethodAccessorImpl.invoke(NativeMethodAccessorImpl.java:62)
	at sun.reflect.DelegatingMethodAccessorImpl.invoke(DelegatingMethodAccessorImpl.java:43)
	at java.lang.reflect.Method.invoke(Method.java:498)
	at org.springframework.web.method.support.InvocableHandlerMethod.doInvoke(InvocableHandlerMethod.java:197)
	at org.springframework.web.method.support.InvocableHandlerMethod.invokeForRequest(InvocableHandlerMethod.java:141)
	at org.springframework.web.servlet.mvc.method.annotation.ServletInvocableHandlerMethod.invokeAndHandle(ServletInvocableHandlerMethod.java:106)
	at org.springframework.web.servlet.mvc.method.annotation.RequestMappingHandlerAdapter.invokeHandlerMethod(RequestMappingHandlerAdapter.java:894)
	at org.springframework.web.servlet.mvc.method.annotation.RequestMappingHandlerAdapter.handleInternal(RequestMappingHandlerAdapter.java:808)
	at org.springframework.web.servlet.mvc.method.AbstractHandlerMethodAdapter.handle(AbstractHandlerMethodAdapter.java:87)
	at org.springframework.web.servlet.DispatcherServlet.doDispatch(DispatcherServlet.java:1060)
	at org.springframework.web.servlet.DispatcherServlet.doService(DispatcherServlet.java:962)
	at org.springframework.web.servlet.FrameworkServlet.processRequest(FrameworkServlet.java:1006)
	at org.springframework.web.servlet.FrameworkServlet.doDelete(FrameworkServlet.java:931)
	at javax.servlet.http.HttpServlet.service(HttpServlet.java:658)
	at org.springframework.web.servlet.FrameworkServlet.service(FrameworkServlet.java:883)
	at javax.servlet.http.HttpServlet.service(HttpServlet.java:733)
	at org.apache.catalina.core.ApplicationFilterChain.internalDoFilter(ApplicationFilterChain.java:231)
	at org.apache.catalina.core.ApplicationFilterChain.doFilter(ApplicationFilterChain.java:166)
	at org.apache.tomcat.websocket.server.WsFilter.doFilter(WsFilter.java:53)
	at org.apache.catalina.core.ApplicationFilterChain.internalDoFilter(ApplicationFilterChain.java:193)
	at org.apache.catalina.core.ApplicationFilterChain.doFilter(ApplicationFilterChain.java:166)
	at org.springframework.web.filter.RequestContextFilter.doFilterInternal(RequestContextFilter.java:100)
	at org.springframework.web.filter.OncePerRequestFilter.doFilter(OncePerRequestFilter.java:119)
	at org.apache.catalina.core.ApplicationFilterChain.internalDoFilter(ApplicationFilterChain.java:193)
	at org.apache.catalina.core.ApplicationFilterChain.doFilter(ApplicationFilterChain.java:166)
	at org.springframework.web.filter.FormContentFilter.doFilterInternal(FormContentFilter.java:93)
	at org.springframework.web.filter.OncePerRequestFilter.doFilter(OncePerRequestFilter.java:119)
	at org.apache.catalina.core.ApplicationFilterChain.internalDoFilter(ApplicationFilterChain.java:193)
	at org.apache.catalina.core.ApplicationFilterChain.doFilter(ApplicationFilterChain.java:166)
	at org.springframework.web.filter.CharacterEncodingFilter.doFilterInternal(CharacterEncodingFilter.java:201)
	at org.springframework.web.filter.OncePerRequestFilter.doFilter(OncePerRequestFilter.java:119)
	at org.apache.catalina.core.ApplicationFilterChain.internalDoFilter(ApplicationFilterChain.java:193)
	at org.apache.catalina.core.ApplicationFilterChain.doFilter(ApplicationFilterChain.java:166)
	at org.apache.catalina.core.StandardWrapperValve.invoke(StandardWrapperValve.java:202)
	at org.apache.catalina.core.StandardContextValve.invoke(StandardContextValve.java:97)
	at org.apache.catalina.authenticator.AuthenticatorBase.invoke(AuthenticatorBase.java:542)
	at org.apache.catalina.core.StandardHostValve.invoke(StandardHostValve.java:143)
	at org.apache.catalina.valves.ErrorReportValve.invoke(ErrorReportValve.java:92)
	at org.apache.catalina.core.StandardEngineValve.invoke(StandardEngineValve.java:78)
	at org.apache.catalina.connector.CoyoteAdapter.service(CoyoteAdapter.java:343)
	at org.apache.coyote.http11.Http11Processor.service(Http11Processor.java:374)
	at org.apache.coyote.AbstractProcessorLight.process(AbstractProcessorLight.java:65)
	at org.apache.coyote.AbstractProtocol$ConnectionHandler.process(AbstractProtocol.java:888)
	at org.apache.tomcat.util.net.NioEndpoint$SocketProcessor.doRun(NioEndpoint.java:1597)
	at org.apache.tomcat.util.net.SocketProcessorBase.run(SocketProcessorBase.java:49)
	at java.util.concurrent.ThreadPoolExecutor.runWorker(ThreadPoolExecutor.java:1149)
	at java.util.concurrent.ThreadPoolExecutor$Worker.run(ThreadPoolExecutor.java:624)
	at org.apache.tomcat.util.threads.TaskThread$WrappingRunnable.run(TaskThread.java:61)
	at java.lang.Thread.run(Thread.java:748)
[2021-02-04 00:43:10:353145][http-nio-80-exec-8] INFO  p.controller.EmployeeController - 삭제하기
[2021-02-04 00:44:27:429757][Thread-9] INFO  o.s.s.c.ThreadPoolTaskExecutor - Shutting down ExecutorService 'applicationTaskExecutor'
[2021-02-04 00:44:27:429764][Thread-9] INFO  o.s.o.j.LocalContainerEntityManagerFactoryBean - Closing JPA EntityManagerFactory for persistence unit 'default'
[2021-02-04 00:44:27:429770][Thread-9] INFO  com.zaxxer.hikari.HikariDataSource - HikariPool-1 - Shutdown initiated...
[2021-02-04 00:44:27:429787][Thread-9] INFO  com.zaxxer.hikari.HikariDataSource - HikariPool-1 - Shutdown completed.
[2021-02-04 00:44:28:430162][restartedMain] INFO  payroll.PayrollApplication - Starting PayrollApplication using Java 1.8.0_201 on DESKTOP-0IJT3DG with PID 13636 (C:\ITSTUDY\07_2.SpringBoot\step08_myArt\target\classes started by Playdata in C:\ITSTUDY\07_2.SpringBoot\step08_myArt)
[2021-02-04 00:44:28:430162][restartedMain] INFO  payroll.PayrollApplication - No active profile set, falling back to default profiles: default
[2021-02-04 00:44:28:430677][restartedMain] INFO  o.s.d.r.c.RepositoryConfigurationDelegate - Bootstrapping Spring Data JPA repositories in DEFAULT mode.
[2021-02-04 00:44:28:430696][restartedMain] INFO  o.s.d.r.c.RepositoryConfigurationDelegate - Finished Spring Data repository scanning in 18 ms. Found 1 JPA repository interfaces.
[2021-02-04 00:44:28:431071][restartedMain] INFO  o.s.b.w.e.tomcat.TomcatWebServer - Tomcat initialized with port(s): 80 (http)
[2021-02-04 00:44:28:431075][restartedMain] INFO  o.a.coyote.http11.Http11NioProtocol - Initializing ProtocolHandler ["http-nio-80"]
[2021-02-04 00:44:28:431078][restartedMain] INFO  o.a.catalina.core.StandardService - Starting service [Tomcat]
[2021-02-04 00:44:28:431081][restartedMain] INFO  o.a.catalina.core.StandardEngine - Starting Servlet engine: [Apache Tomcat/9.0.41]
[2021-02-04 00:44:28:431145][restartedMain] INFO  o.a.c.c.C.[Tomcat].[localhost].[/] - Initializing Spring embedded WebApplicationContext
[2021-02-04 00:44:28:431146][restartedMain] INFO  o.s.b.w.s.c.ServletWebServerApplicationContext - Root WebApplicationContext: initialization completed in 980 ms
[2021-02-04 00:44:29:431398][restartedMain] INFO  o.h.jpa.internal.util.LogHelper - HHH000204: Processing PersistenceUnitInfo [name: default]
[2021-02-04 00:44:29:431405][restartedMain] INFO  com.zaxxer.hikari.HikariDataSource - HikariPool-2 - Starting...
[2021-02-04 00:44:29:431465][restartedMain] INFO  com.zaxxer.hikari.HikariDataSource - HikariPool-2 - Start completed.
[2021-02-04 00:44:29:431465][restartedMain] INFO  org.hibernate.dialect.Dialect - HHH000400: Using dialect: org.hibernate.dialect.OracleDialect
[2021-02-04 00:44:29:431465][restartedMain] WARN  o.hibernate.dialect.Oracle9Dialect - HHH000063: The Oracle9Dialect dialect has been deprecated; use either Oracle9iDialect or Oracle10gDialect instead
[2021-02-04 00:44:29:431466][restartedMain] WARN  org.hibernate.dialect.OracleDialect - HHH000064: The OracleDialect dialect has been deprecated; use Oracle8iDialect instead
[2021-02-04 00:44:29:431549][restartedMain] INFO  o.h.e.t.j.p.i.JtaPlatformInitiator - HHH000490: Using JtaPlatform implementation: [org.hibernate.engine.transaction.jta.platform.internal.NoJtaPlatform]
[2021-02-04 00:44:29:431550][restartedMain] INFO  o.s.o.j.LocalContainerEntityManagerFactoryBean - Initialized JPA EntityManagerFactory for persistence unit 'default'
[2021-02-04 00:44:29:431800][restartedMain] WARN  o.s.b.a.o.j.JpaBaseConfiguration$JpaWebConfiguration - spring.jpa.open-in-view is enabled by default. Therefore, database queries may be performed during view rendering. Explicitly configure spring.jpa.open-in-view to disable this warning
[2021-02-04 00:44:29:431944][restartedMain] INFO  o.s.s.c.ThreadPoolTaskExecutor - Initializing ExecutorService 'applicationTaskExecutor'
[2021-02-04 00:44:30:432311][restartedMain] INFO  o.s.b.d.a.OptionalLiveReloadServer - LiveReload server is running on port 35729
[2021-02-04 00:44:30:432322][restartedMain] INFO  o.a.coyote.http11.Http11NioProtocol - Starting ProtocolHandler ["http-nio-80"]
[2021-02-04 00:44:30:432329][restartedMain] INFO  o.s.b.w.e.tomcat.TomcatWebServer - Tomcat started on port(s): 80 (http) with context path ''
[2021-02-04 00:44:30:432349][restartedMain] INFO  payroll.PayrollApplication - Started PayrollApplication in 2.282 seconds (JVM running for 435.041)
[2021-02-04 00:44:30:432365][restartedMain] INFO  payroll.log.LoadDatabase - Preloading Employee{id=12, name='Bilbo Baggins', role='burglar'}
[2021-02-04 00:44:30:432375][restartedMain] INFO  payroll.log.LoadDatabase - Preloading Employee{id=13, name='Frodo Baggins', role='thief'}
[2021-02-04 00:44:30:432376][restartedMain] INFO  o.s.b.d.a.ConditionEvaluationDeltaLoggingListener - Condition evaluation unchanged
[2021-02-04 00:45:30:492765][Thread-15] INFO  o.s.s.c.ThreadPoolTaskExecutor - Shutting down ExecutorService 'applicationTaskExecutor'
[2021-02-04 00:45:30:492768][Thread-15] INFO  o.s.o.j.LocalContainerEntityManagerFactoryBean - Closing JPA EntityManagerFactory for persistence unit 'default'
[2021-02-04 00:45:30:492770][Thread-15] INFO  com.zaxxer.hikari.HikariDataSource - HikariPool-2 - Shutdown initiated...
[2021-02-04 00:45:30:492787][Thread-15] INFO  com.zaxxer.hikari.HikariDataSource - HikariPool-2 - Shutdown completed.
[2021-02-04 00:45:31:493167][restartedMain] INFO  payroll.PayrollApplication - Starting PayrollApplication using Java 1.8.0_201 on DESKTOP-0IJT3DG with PID 13636 (C:\ITSTUDY\07_2.SpringBoot\step08_myArt\target\classes started by Playdata in C:\ITSTUDY\07_2.SpringBoot\step08_myArt)
[2021-02-04 00:45:31:493168][restartedMain] INFO  payroll.PayrollApplication - No active profile set, falling back to default profiles: default
[2021-02-04 00:45:31:493607][restartedMain] INFO  o.s.d.r.c.RepositoryConfigurationDelegate - Bootstrapping Spring Data JPA repositories in DEFAULT mode.
[2021-02-04 00:45:31:493626][restartedMain] INFO  o.s.d.r.c.RepositoryConfigurationDelegate - Finished Spring Data repository scanning in 18 ms. Found 1 JPA repository interfaces.
[2021-02-04 00:45:31:493918][restartedMain] INFO  o.s.b.w.e.tomcat.TomcatWebServer - Tomcat initialized with port(s): 80 (http)
[2021-02-04 00:45:31:493919][restartedMain] INFO  o.a.coyote.http11.Http11NioProtocol - Initializing ProtocolHandler ["http-nio-80"]
[2021-02-04 00:45:31:493919][restartedMain] INFO  o.a.catalina.core.StandardService - Starting service [Tomcat]
[2021-02-04 00:45:31:493920][restartedMain] INFO  o.a.catalina.core.StandardEngine - Starting Servlet engine: [Apache Tomcat/9.0.41]
[2021-02-04 00:45:31:493953][restartedMain] INFO  o.a.c.c.C.[Tomcat].[localhost].[/] - Initializing Spring embedded WebApplicationContext
[2021-02-04 00:45:31:493953][restartedMain] INFO  o.s.b.w.s.c.ServletWebServerApplicationContext - Root WebApplicationContext: initialization completed in 781 ms
[2021-02-04 00:45:31:494045][restartedMain] INFO  o.h.jpa.internal.util.LogHelper - HHH000204: Processing PersistenceUnitInfo [name: default]
[2021-02-04 00:45:31:494065][restartedMain] INFO  com.zaxxer.hikari.HikariDataSource - HikariPool-3 - Starting...
[2021-02-04 00:45:31:494127][restartedMain] INFO  com.zaxxer.hikari.HikariDataSource - HikariPool-3 - Start completed.
[2021-02-04 00:45:31:494128][restartedMain] INFO  org.hibernate.dialect.Dialect - HHH000400: Using dialect: org.hibernate.dialect.OracleDialect
[2021-02-04 00:45:31:494128][restartedMain] WARN  o.hibernate.dialect.Oracle9Dialect - HHH000063: The Oracle9Dialect dialect has been deprecated; use either Oracle9iDialect or Oracle10gDialect instead
[2021-02-04 00:45:31:494128][restartedMain] WARN  org.hibernate.dialect.OracleDialect - HHH000064: The OracleDialect dialect has been deprecated; use Oracle8iDialect instead
[2021-02-04 00:45:32:494210][restartedMain] INFO  o.h.e.t.j.p.i.JtaPlatformInitiator - HHH000490: Using JtaPlatform implementation: [org.hibernate.engine.transaction.jta.platform.internal.NoJtaPlatform]
[2021-02-04 00:45:32:494211][restartedMain] INFO  o.s.o.j.LocalContainerEntityManagerFactoryBean - Initialized JPA EntityManagerFactory for persistence unit 'default'
[2021-02-04 00:45:32:494488][restartedMain] WARN  o.s.b.a.o.j.JpaBaseConfiguration$JpaWebConfiguration - spring.jpa.open-in-view is enabled by default. Therefore, database queries may be performed during view rendering. Explicitly configure spring.jpa.open-in-view to disable this warning
[2021-02-04 00:45:32:494637][restartedMain] INFO  o.s.s.c.ThreadPoolTaskExecutor - Initializing ExecutorService 'applicationTaskExecutor'
[2021-02-04 00:45:32:494954][restartedMain] INFO  o.s.b.d.a.OptionalLiveReloadServer - LiveReload server is running on port 35729
[2021-02-04 00:45:32:494976][restartedMain] INFO  o.a.coyote.http11.Http11NioProtocol - Starting ProtocolHandler ["http-nio-80"]
[2021-02-04 00:45:32:494987][restartedMain] INFO  o.s.b.w.e.tomcat.TomcatWebServer - Tomcat started on port(s): 80 (http) with context path ''
[2021-02-04 00:45:32:494996][restartedMain] INFO  payroll.PayrollApplication - Started PayrollApplication in 1.906 seconds (JVM running for 497.688)
[2021-02-04 00:45:32:495009][restartedMain] INFO  payroll.log.LoadDatabase - Preloading Employee{id=14, name='Bilbo Baggins', role='burglar'}
[2021-02-04 00:45:32:495013][restartedMain] INFO  payroll.log.LoadDatabase - Preloading Employee{id=15, name='Frodo Baggins', role='thief'}
[2021-02-04 00:45:32:495015][restartedMain] INFO  o.s.b.d.a.ConditionEvaluationDeltaLoggingListener - Condition evaluation unchanged
[2021-02-04 00:52:01:884143][RMI TCP Connection(2)-127.0.0.1] INFO  o.s.b.a.SpringApplicationAdminMXBeanRegistrar$SpringApplicationAdmin - Application shutdown requested.
[2021-02-04 00:52:03:885157][RMI TCP Connection(2)-127.0.0.1] INFO  o.s.s.c.ThreadPoolTaskExecutor - Shutting down ExecutorService 'applicationTaskExecutor'
[2021-02-04 00:52:03:885159][RMI TCP Connection(2)-127.0.0.1] INFO  o.s.o.j.LocalContainerEntityManagerFactoryBean - Closing JPA EntityManagerFactory for persistence unit 'default'
[2021-02-04 00:52:03:885162][RMI TCP Connection(2)-127.0.0.1] INFO  com.zaxxer.hikari.HikariDataSource - HikariPool-3 - Shutdown initiated...
[2021-02-04 00:52:03:885180][RMI TCP Connection(2)-127.0.0.1] INFO  com.zaxxer.hikari.HikariDataSource - HikariPool-3 - Shutdown completed.
